KB2D Output
 2   25   25    0  5.0000000      5.0000000      .00000000      2.00000      2.00000      1.00000       1
 Estimate
Estimation Variance
 4.6073890      6.7838750    
 2.5027380      6.7312210    
 .85410090      6.3847770    
 .38593470      6.0386070    
 .31938620      5.4051720    
 .24634640      5.2070770    
 .25233180      5.3026940    
 .31436450      5.0395830    
 .55662820      4.3395670    
 .89603980      5.1428430    
 1.1974420      4.5577980    
 1.2592360      5.8689320    
 1.1949390      7.4649330    
 1.0883290      7.9275880    
 .94999300      7.5651560    
 .78054390      7.2283340    
 .62240830      6.0610500    
 .68732910      4.7647920    
 1.1090180      6.3963580    
 1.4540470      6.8525760    
 1.8358350      5.9996910    
 2.1136590      6.7074700    
 2.1741850      8.6736940    
 2.0902860      10.442210    
 2.0055030      11.578780    
 8.2397550      6.6158080    
 3.6160090      5.6596190    
 1.1480270      4.2058260    
 .52504660      4.5242850    
 .38710600      6.3077200    
 .42136460      6.7014360    
 .45832990      5.7581800    
 .59947370      4.5393120    
 .85866250      5.2982110    
 1.0954020      6.0011440    
 1.2687150      6.5130890    
 1.2739600      6.8814220    
 1.1809360      6.8837340    
 1.1354570      6.2707470    
 .99701400      4.7409760    
 .80075130      5.5017830    
 .62351420      5.6792680    
 .64628520      4.7737950    
 .89859250      4.4803130    
 1.4002830      5.6862830    
 1.8595470      4.5846370    
 2.1859020      6.3262050    
 2.2665360      8.9665680    
 2.1527490      10.820570    
 2.0148030      11.734350    
 8.6296630      5.2825390    
 4.5167900      5.6521020    
 1.5525640      5.1316820    
 .76947160      5.5270840    
 .63709870      6.6264400    
 .73626570      7.1321500    
 1.0192170      6.9745500    
 1.2177410      6.5053110    
 1.3326280      6.3224730    
 1.3717430      6.4261770    
 1.3523760      6.9501970    
 1.2046670      6.6884180    
 1.1599370      5.4687070    
 1.1356130      4.4091290    
 .96418130      4.9610980    
 .78108800      4.9778760    
 .72007700      5.7861400    
 .78839890      5.9563410    
 1.0752700      5.3965310    
 1.5712770      5.1737820    
 2.1263090      5.6248560    
 2.4950670      7.1322850    
 2.4640450      9.1318440    
 2.4002510      10.805360    
 2.1575950      11.763180    
 8.9411470      5.3703400    
 4.3287860      5.3542440    
 1.5752100      5.7693210    
 .83091660      6.1207460    
 .87634940      5.7489690    
 1.1716960      6.0632280    
 1.6672540      6.4932060    
 1.8632080      6.6359730    
 1.9091540      5.7276330    
 1.7457620      4.7463970    
 1.2872670      6.3047600    
 1.0062630      5.5740860    
 .82138040      4.2558180    
 .87611050      5.2159340    
 .84055510      5.6670520    
 .71149330      4.4713440    
 .71121930      5.8393360    
 .90548580      7.1205770    
 1.2946120      6.6919930    
 1.8255960      4.6573370    
 2.5610850      5.3011080    
 3.0004970      6.7140610    
 2.9613130      8.6736200    
 2.6561590      10.504190    
 2.3513710      11.573770    
 6.7089390      5.1941330    
 3.4783870      4.5647980    
 1.4309580      5.4365970    
 .87167790      5.6688380    
 .99560400      4.3923730    
 1.8130750      4.6452470    
 2.5633210      4.3189660    
 2.6355910      5.6918100    
 2.2600020      5.9408760    
 1.6849430      5.7171480    
 1.1028200      6.1111130    
 .69407640      5.0770760    
 .53137280      5.0191830    
 .54587500      6.0460200    
 .66682190      5.7902590    
 .59578110      5.2649950    
 .64700940      6.6363460    
 .82043900      7.8108220    
 1.2849820      7.6205980    
 1.9400680      6.2970760    
 2.8583320      4.8362670    
 3.5993420      4.7248650    
 3.0688350      7.9335970    
 2.4915260      10.184230    
 2.4186500      11.438620    
 3.8850480      5.2265700    
 2.2361880      5.8832960    
 1.2216740      5.7802160    
 .71869110      4.4772040    
 1.2681360      5.0755820    
 2.3255120      4.8408990    
 3.1825410      3.2372550    
 2.8582070      4.2316050    
 2.1364950      6.1911830    
 1.3817500      6.5926980    
 .80538920      6.2700510    
 .41938240      4.6366450    
 .35360950      5.3944450    
 .47031120      5.9159680    
 .52225630      5.3317460    
 .48360290      4.6875800    
 .53684400      6.7486330    
 .76295070      7.5860830    
 1.1586040      7.6772510    
 1.8125200      6.8387660    
 2.4018740      4.6698020    
 3.0418380      5.5239070    
 2.8779730      8.2540520    
 2.4329930      10.414090    
 1.9990930      11.602090    
 2.6303310      6.0678780    
 1.6180210      5.4612520    
 .87073800      5.3668520    
 .62947370      5.2570960    
 1.1930230      5.8439050    
 2.2421380      5.7007460    
 3.0275190      4.1765940    
 2.5636710      4.8494630    
 1.7610960      5.9613140    
 1.0009650      5.6941560    
 .58098840      6.0816610    
 .45252570      6.3714060    
 .46474160      6.1144080    
 .48297240      4.5922210    
 .48757710      5.4419240    
 .45083570      6.3885840    
 .40492000      6.6656340    
 .51703630      6.0185340    
 .87236080      6.6065100    
 1.4254170      7.1936080    
 1.9863060      6.9912060    
 2.3631900      7.6736560    
 2.4180060      9.3099420    
 2.1474350      10.867360    
 1.8402660      11.791040    
 1.8475370      6.2212690    
 1.0530310      4.4280440    
 .51211820      4.0807850    
 .52877860      5.4036610    
 .95566650      6.1950780    
 1.5990550      6.1046220    
 2.1041020      5.7140870    
 1.8979100      5.1788630    
 1.3813810      5.4765210    
 .75675120      4.5717470    
 .57959010      5.7771780    
 .63319140      6.8548260    
 .68274400      6.5297470    
 .70272760      5.5962980    
 .61075260      6.3080090    
 .47831580      7.1128680    
 .32267290      6.3258160    
 .29021750      4.3585570    
 .59004870      5.4286250    
 1.0698580      6.9199090    
 1.5261060      7.4614480    
 1.8433660      8.2891090    
 1.9369990      9.7245630    
 1.8389040      10.991620    
 1.7108900      11.790060    
 1.3610030      5.4256860    
 .88105650      5.3432170    
 .54963270      5.4179280    
 .47502120      5.9133410    
 .63193120      5.4666240    
 .95368940      4.5938400    
 1.3273770      5.8296400    
 1.4035560      4.6828860    
 1.2412930      5.4717540    
 1.0076660      5.9172510    
 .99314990      6.1351000    
 1.0213580      6.3320990    
 1.0311950      5.9969580    
 .96856360      5.6111800    
 .75695840      6.8596000    
 .66579550      7.3901200    
 .55453670      5.9079120    
 .36611870      4.0208460    
 .55494230      4.4060620    
 .93632570      6.0913840    
 1.2657460      5.9694360    
 1.4756390      7.0033740    
 1.5904180      8.8772410    
 1.6223990      10.436310    
 1.6780240      11.495380    
 .98965500      4.0087120    
 .85620990      5.2170840    
 .86015750      6.4308560    
 .82484020      6.3951810    
 .60693780      5.1041140    
 .61610340      5.0890580    
 .83033840      6.4328690    
 1.1285260      6.6941230    
 1.2497710      6.3867500    
 1.3357590      5.4533310    
 1.4135670      4.9555740    
 1.3522620      4.4704700    
 1.2910270      5.1436690    
 1.1432580      4.5752310    
 1.0917800      6.7139680    
 1.1939660      7.5705010    
 1.1914810      6.5948860    
 .98848000      5.2957110    
 .92655710      5.2926580    
 1.0570500      5.8409320    
 1.2011530      4.5950690    
 1.2718640      5.5832590    
 1.3843100      7.2253450    
 1.8898300      9.1164670    
 2.1070660      10.722900    
 .77809990      4.8235250    
 1.0922190      4.4707920    
 1.5560540      6.1843330    
 1.6910280      6.3910990    
 1.2873490      4.5484040    
 .72319570      5.2001400    
 .65577240      6.6863760    
 1.1764200      7.5214370    
 1.5220930      6.8549920    
 1.7029050      4.5898820    
 1.8114280      3.9421220    
 1.6805730      4.8471040    
 1.3699290      5.6844320    
 1.1715180      5.2323920    
 1.6561530      6.3253250    
 2.2535240      7.5355090    
 2.3107820      7.2507100    
 2.1640060      6.2675730    
 1.6979640      5.3975990    
 1.3803760      5.8228210    
 1.2591820      5.9630550    
 1.2572660      5.3142620    
 1.5410630      4.9264610    
 1.8101390      8.0156150    
 2.0363470      10.277940    
 1.0740460      5.7096950    
 1.9472580      5.0994690    
 2.9277780      5.1725000    
 3.3052040      5.6969620    
 2.2438140      5.3867720    
 1.1681720      4.3100540    
 .90738560      5.9466380    
 1.3862940      7.5195530    
 1.6603250      7.1827790    
 1.8774260      6.1166630    
 2.0359490      5.5280450    
 1.8960640      6.1680690    
 1.7463340      6.3572010    
 1.6092440      4.6996940    
 2.8266500      5.8415430    
 4.5725080      7.2065990    
 5.0858140      6.6518130    
 3.8542990      5.3300740    
 2.7982010      4.3842590    
 2.1328900      5.4501950    
 1.6612060      5.9772100    
 1.4542430      5.7644400    
 1.6516040      6.1649550    
 2.0959450      8.4983560    
 2.4589160      10.558520    
 1.5861780      5.4905810    
 2.8612620      4.9938930    
 4.4890280      3.3185240    
 4.7286250      4.0869530    
 3.2920990      4.9594190    
 2.0762440      4.1275170    
 1.6545410      6.0675480    
 1.8477060      7.2117110    
 1.9232600      6.5118090    
 2.1454620      5.6924670    
 2.3534930      6.4205580    
 2.4356670      6.8849430    
 2.4808020      6.9168460    
 3.0436860      6.3784120    
 4.3861980      6.0052150    
 6.4473390      5.9911520    
 7.8787030      5.3056270    
 6.0831590      3.9826820    
 4.2667310      5.0778820    
 3.0623050      5.7038510    
 2.2937730      4.5904730    
 2.0606510      5.8011580    
 2.3727710      7.7906350    
 2.8334900      9.7396950    
 2.4757880      11.098260    
 1.7247600      4.4069160    
 3.2101090      5.3942860    
 5.1236480      4.2405060    
 5.4637320      4.8234340    
 4.4832210      5.4926270    
 3.1541160      5.5022840    
 2.4188750      6.4172590    
 2.2299760      6.7786740    
 2.3735860      5.6519610    
 2.6248030      4.5683490    
 2.9361080      6.0086810    
 3.1426560      5.7525070    
 3.3091310      6.2968540    
 3.6881210      6.2335890    
 5.1676890      4.5291000    
 9.3207600      3.9787010    
 10.674920      4.2569680    
 8.7078560      3.2738040    
 5.6185840      4.3055450    
 4.0323270      5.8613860    
 3.3343800      5.5341590    
 2.9575980      6.3280170    
 3.0096240      8.4020400    
 2.8286110      10.243120    
 2.7933800      11.470640    
 1.6282280      5.3118350    
 2.6922250      6.7023100    
 4.7690550      6.5438800    
 5.6669010      5.7857520    
 5.0924890      5.3869710    
 3.8263820      5.9571040    
 2.8866010      5.6217550    
 2.7097950      5.7692000    
 2.8927350      5.2716430    
 3.2815910      5.5275820    
 3.5951520      5.7938970    
 3.8441090      4.1770210    
 3.9321530      5.1736850    
 4.0073030      5.7766920    
 5.1629980      4.7152780    
 8.5367660      3.2850990    
 10.911420      3.9500230    
 8.6171650      3.8951050    
 6.1737630      5.1788740    
 4.5344500      6.3413770    
 3.9226980      5.9746180    
 3.7119390      5.8881130    
 3.5499540      8.1704200    
 3.4543570      10.332820    
 2.7453110      11.428270    
 1.2187350      5.7400980    
 2.5492910      7.1816700    
 3.9138480      7.5143690    
 5.2015600      6.1529340    
 4.9774940      4.6123700    
 3.7962610      5.8125520    
 3.0065930      4.6589400    
 2.9022540      5.3161300    
 3.3249280      4.6481560    
 3.8340110      5.8395440    
 3.9126090      6.4196630    
 4.1642390      4.6777630    
 3.9518010      5.1445230    
 3.2654560      4.8313450    
 3.7046540      3.9550090    
 5.8165150      4.5538620    
 6.6488280      4.4127910    
 5.7312500      3.9705860    
 4.7825830      5.8978590    
 4.4589760      6.8507800    
 3.8157770      5.8781670    
 3.7427380      4.9075260    
 3.4354090      7.9137000    
 3.3818360      10.190750    
 3.3268890      11.480990    
 .85213350      4.5254440    
 1.6761520      6.8848790    
 2.6305540      7.6861960    
 3.3575360      6.8683320    
 3.5370660      5.9311700    
 3.0834350      6.2788600    
 2.7924590      6.6065900    
 2.7909150      6.8678760    
 3.1544470      7.0732880    
 4.1465360      7.5943830    
 5.1706740      7.8278610    
 5.6573280      7.0359920    
 5.1653250      5.9242930    
 3.6694560      4.1091460    
 2.9720180      3.3302230    
 3.4437110      4.9410470    
 3.4137640      4.1105940    
 2.7224170      3.2447390    
 3.0093350      5.6720040    
 2.5465520      7.0081860    
 2.7211430      6.7534130    
 2.7704060      6.6567570    
 2.8160140      8.3185660    
 2.6054770      10.167230    
 2.5461940      11.414680    
 .52893920      4.8301900    
 .99632610      6.2808920    
 1.6141250      7.3652180    
 2.0744900      6.8296590    
 2.1767640      4.7089830    
 2.2186610      5.7715690    
 2.2767410      7.0834170    
 2.4849900      7.4396840    
 3.2884520      7.9145980    
 4.2900360      8.5956560    
 6.0309570      8.9218210    
 6.8791300      7.5503680    
 7.0043000      6.1103360    
 6.2761670      4.7089680    
 5.0664260      5.2017170    
 3.9022980      6.3195350    
 2.0107360      5.6697950    
 1.4330770      4.2475850    
 1.3162830      5.6977350    
 1.6272440      7.0131460    
 1.6897860      6.4058900    
 1.7829200      5.9894470    
 2.0732710      8.0092810    
 2.2326600      10.073800    
 2.2006490      11.266820    
 .80524580      5.2456620    
 .55853100      4.6864770    
 .96924760      6.6767810    
 1.2413440      6.7576970    
 1.3641270      5.4356700    
 1.5839910      5.6513830    
 1.8391020      6.4313140    
 2.1673180      6.0381920    
 2.9208000      6.9918870    
 3.9382930      8.4297100    
 5.8585330      8.7759670    
 8.2005810      7.0996920    
 9.2009470      4.1319730    
 8.8394410      3.3190510    
 6.2469100      5.3088710    
 4.1113800      6.5377960    
 1.8007500      6.1510520    
 1.4321800      5.6566440    
 1.3211040      6.2744440    
 1.3450990      6.9324310    
 1.3597960      5.8345360    
 1.3608170      4.6678120    
 1.8919900      7.3663640    
 2.1050140      9.6688000    
 2.2660410      11.197310    
 1.2904070      6.0299640    
 .86383490      5.3724990    
 .72560930      6.0599650    
 .85999530      6.3654500    
 .93496070      5.3868340    
 1.3290420      4.4921920    
 1.6145170      5.8121690    
 1.8798620      4.7125980    
 2.5081870      6.1810140    
 3.1694470      7.9144120    
 4.3996930      7.7294810    
 7.2682890      5.9224540    
 8.0761050      3.6798850    
 9.4707130      3.7329620    
 7.4401330      5.0008980    
 4.7003440      5.2158830    
 2.1472040      4.3375670    
 1.6089360      4.3239920    
 1.5380100      5.3926880    
 1.7912140      6.4776020    
 1.8612880      6.2190400    
 2.0287320      5.2871500    
 2.2291400      6.7707920    
 2.3634960      9.3689220    
 2.4019420      10.981740    
 1.8791500      6.2984530    
 1.2587700      5.4580900    
 .80398850      4.4532150    
 .63011930      5.1435090    
 .76495470      4.9124030    
 1.0452960      4.7536180    
 1.3048430      6.2205480    
 1.5989510      6.6438840    
 1.8924770      6.9322180    
 2.3883780      7.4492750    
 3.4483690      7.4077260    
 6.9974380      6.4745030    
 7.3264540      4.0201640    
 9.2977530      3.2603350    
 8.6347040      3.9890340    
 5.3005720      4.1218440    
 3.1056730      4.7454600    
 2.3033550      5.0901940    
 2.2936420      4.3019480    
 2.2703680      5.7548830    
 2.3900540      6.4507710    
 2.7295250      4.8527060    
 2.6924560      6.5732780    
 2.6423180      9.3147400    
 2.6687070      11.172640    
 2.3773680      5.7195020    
 1.6250810      6.1923520    
 1.0572180      5.5659560    
 .70995710      4.5818270    
 .71432940      4.8700520    
 .79119530      4.8056600    
 1.1490060      7.0066810    
 1.3511700      7.4888830    
 1.3819080      6.5640060    
 1.7074680      6.0695010    
 3.4258010      7.3151930    
 5.1247970      7.2096290    
 8.5221480      6.3867440    
 9.9437260      4.4237370    
 8.9744940      5.1195180    
 6.4727260      5.8676300    
 4.4124410      6.6620900    
 3.4175300      7.0672080    
 2.9078780      6.3943010    
 2.6371820      7.0914960    
 2.6670540      7.9264980    
 2.9780450      7.7918000    
 2.9785080      8.5753800    
 2.7891760      10.158830    
 2.7170970      11.396410    
 2.3905030      7.1256550    
 1.7978020      8.0561370    
 1.3521970      8.0384280    
 1.0305520      7.6131230    
 .88221870      7.4641520    
 .72561510      7.7930670    
 1.1684950      8.5258320    
 1.0664960      8.2799520    
 1.3707930      6.4119860    
 1.5973810      5.0584730    
 3.3846660      7.6849420    
 5.1795150      8.7723460    
 7.0987380      8.5661750    
 9.0737300      8.2713600    
 8.3968160      8.3428860    
 6.9178160      8.9849350    
 5.3326490      9.3490940    
 4.4749850      9.6324210    
 3.7556290      9.3800390    
 3.4277380      9.5445210    
 3.5032380      9.9248430    
 2.6796130      10.234280    
 2.9900080      10.490790    
 2.9159680      11.202830    
 2.8110120      11.818060    
 2.1126290      9.5763020    
 1.7690500      10.081950    
 1.5062700      10.218460    
 1.0427470      10.008660    
 1.0484480      9.9249140    
 1.1991350      10.052240    
 1.3619450      10.158070    
 1.7972210      9.6783700    
 1.9370170      8.5702720    
 2.5486450      8.2263660    
 3.9337590      9.5923140    
 5.2326910      10.636100    
 6.6063110      10.960710    
 8.4965960      11.617400    
 7.4907240      11.486690    
 6.6960180      11.424550    
 5.6935460      11.729700    
 5.2196780      11.922360    
 4.7626300      11.553580    
 4.3196550      11.475460    
 3.4565620      11.471520    
 3.4304460      11.636270    
 2.8445050      11.658360    
 2.7936040      11.896910    
 2.7384330      12.113050    
 1.7965710      11.262040    
 1.6195380      11.524830    
 1.2942170      11.492670    
 1.2443140      11.465050    
 1.2308300      11.406090    
 1.4009400      11.444070    
 1.6252540      11.342810    
 2.1937480      11.034610    
 2.7136520      10.539960    
 3.3627440      10.472030    
 4.7501620      11.565460    
 5.4812800      12.307440    
 5.3650740      12.587030    
 5.8096640      12.684310    
 6.4644530      13.526520    
 6.2492470      13.136170    
 5.6664350      13.219950    
 5.4661820      13.215200    
 5.0335490      12.593280    
 4.3536710      12.371440    
 4.3481690      12.431660    
 3.3526300      12.268380    
 3.3474840      12.297000    
 2.7190270      12.176890    
 2.7106030      12.202620    
